<?xml version="1.0" encoding="UTF-8"?>
<!-- Generated by org.testng.reporters.JUnitXMLReporter -->
<testsuite hostname="DESKTOP-1J8UVOM" ignored="0" name="Default test" tests="4" failures="0" timestamp="2021-04-04T14:30:22 IST" time="0.058" errors="0">
  <testcase name="doUserReg" time="0.008" classname="com.udemypractice.TestCaseTwo"/>
  <testcase name="login" time="0.001" classname="com.udemypractice.TestCaseTwo"/>
  <testcase name="fourthTest" time="0.001" classname="com.udemypractice.TestCaseTwo"/>
  <testcase name="thirdTest" time="0.001" classname="com.udemypractice.TestCaseTwo"/>
</testsuite> <!-- Default test -->
